<?xml version="1.0" encoding="UTF-8"?>
<coverage generated="1621465730369" clover="3.2.0">
  <project timestamp="1621465730370" name="All files">
    <metrics statements="32" coveredstatements="5" conditionals="0" coveredconditionals="0" methods="27" coveredmethods="0" elements="59" coveredelements="5" complexity="0" loc="32" ncloc="32" packages="1" files="3" classes="3"/>
    <file name="login.page.js" path="C:\Users\Denis\Desktop\Radium Rocket\Semana 14\Problemática Semanal 14\Week14\test\pageobjects\login.page.js">
      <metrics statements="13" coveredstatements="2" conditionals="0" coveredconditionals="0" methods="11" coveredmethods="0"/>
      <line num="1" count="1" type="stmt"/>
      <line num="5" count="0" type="stmt"/>
      <line num="6" count="0" type="stmt"/>
      <line num="7" count="0" type="stmt"/>
      <line num="8" count="0" type="stmt"/>
      <line num="9" count="0" type="stmt"/>
      <line num="10" count="0" type="stmt"/>
      <line num="11" count="0" type="stmt"/>
      <line num="12" count="0" type="stmt"/>
      <line num="15" count="0" type="stmt"/>
      <line num="19" count="0" type="stmt"/>
      <line num="22" count="0" type="stmt"/>
      <line num="26" count="1" type="stmt"/>
    </file>
    <file name="page.js" path="C:\Users\Denis\Desktop\Radium Rocket\Semana 14\Problemática Semanal 14\Week14\test\pageobjects\page.js">
      <metrics statements="2" coveredstatements="1" conditionals="0" coveredconditionals="0" methods="1" coveredmethods="0"/>
      <line num="1" count="2" type="stmt"/>
      <line num="4" count="0" type="stmt"/>
    </file>
    <file name="register.page.js" path="C:\Users\Denis\Desktop\Radium Rocket\Semana 14\Problemática Semanal 14\Week14\test\pageobjects\register.page.js">
      <metrics statements="17" coveredstatements="2" conditionals="0" coveredconditionals="0" methods="15" coveredmethods="0"/>
      <line num="1" count="1" type="stmt"/>
      <line num="5" count="0" type="stmt"/>
      <line num="6" count="0" type="stmt"/>
      <line num="7" count="0" type="stmt"/>
      <line num="8" count="0" type="stmt"/>
      <line num="9" count="0" type="stmt"/>
      <line num="10" count="0" type="stmt"/>
      <line num="11" count="0" type="stmt"/>
      <line num="12" count="0" type="stmt"/>
      <line num="13" count="0" type="stmt"/>
      <line num="14" count="0" type="stmt"/>
      <line num="15" count="0" type="stmt"/>
      <line num="16" count="0" type="stmt"/>
      <line num="19" count="0" type="stmt"/>
      <line num="23" count="0" type="stmt"/>
      <line num="26" count="0" type="stmt"/>
      <line num="30" count="1" type="stmt"/>
    </file>
  </project>
</coverage>
