{"C:\\Users\\Denis\\Desktop\\Radium Rocket\\Semana 14\\Problemática Semanal 14\\Week14\\test\\pageobjects\\login.page.js": {"path":"C:\\Users\\Denis\\Desktop\\Radium Rocket\\Semana 14\\Problemática Semanal 14\\Week14\\test\\pageobjects\\login.page.js","statementMap":{"0":{"start":{"line":1,"column":13},"end":{"line":1,"column":30}},"1":{"start":{"line":5,"column":19},"end":{"line":5,"column":42}},"2":{"start":{"line":6,"column":22},"end":{"line":6,"column":48}},"3":{"start":{"line":7,"column":24},"end":{"line":7,"column":56}},"4":{"start":{"line":8,"column":27},"end":{"line":8,"column":59}},"5":{"start":{"line":9,"column":22},"end":{"line":9,"column":55}},"6":{"start":{"line":10,"column":22},"end":{"line":10,"column":54}},"7":{"start":{"line":11,"column":18},"end":{"line":11,"column":35}},"8":{"start":{"line":12,"column":25},"end":{"line":12,"column":42}},"9":{"start":{"line":15,"column":8},"end":{"line":15,"column":35}},"10":{"start":{"line":19,"column":8},"end":{"line":19,"column":30}},"11":{"start":{"line":22,"column":8},"end":{"line":22,"column":30}},"12":{"start":{"line":26,"column":0},"end":{"line":26,"column":33}}},"fnMap":{"0":{"name":"(anonymous_0)","decl":{"start":{"line":5,"column":4},"end":{"line":5,"column":5}},"loc":{"start":{"line":5,"column":17},"end":{"line":5,"column":44}},"line":5},"1":{"name":"(anonymous_1)","decl":{"start":{"line":6,"column":4},"end":{"line":6,"column":5}},"loc":{"start":{"line":6,"column":20},"end":{"line":6,"column":50}},"line":6},"2":{"name":"(anonymous_2)","decl":{"start":{"line":7,"column":4},"end":{"line":7,"column":5}},"loc":{"start":{"line":7,"column":22},"end":{"line":7,"column":58}},"line":7},"3":{"name":"(anonymous_3)","decl":{"start":{"line":8,"column":4},"end":{"line":8,"column":5}},"loc":{"start":{"line":8,"column":25},"end":{"line":8,"column":61}},"line":8},"4":{"name":"(anonymous_4)","decl":{"start":{"line":9,"column":4},"end":{"line":9,"column":5}},"loc":{"start":{"line":9,"column":20},"end":{"line":9,"column":57}},"line":9},"5":{"name":"(anonymous_5)","decl":{"start":{"line":10,"column":4},"end":{"line":10,"column":5}},"loc":{"start":{"line":10,"column":20},"end":{"line":10,"column":56}},"line":10},"6":{"name":"(anonymous_6)","decl":{"start":{"line":11,"column":4},"end":{"line":11,"column":5}},"loc":{"start":{"line":11,"column":16},"end":{"line":11,"column":36}},"line":11},"7":{"name":"(anonymous_7)","decl":{"start":{"line":12,"column":4},"end":{"line":12,"column":5}},"loc":{"start":{"line":12,"column":24},"end":{"line":12,"column":44}},"line":12},"8":{"name":"(anonymous_8)","decl":{"start":{"line":14,"column":4},"end":{"line":14,"column":5}},"loc":{"start":{"line":14,"column":12},"end":{"line":16,"column":5}},"line":14},"9":{"name":"(anonymous_9)","decl":{"start":{"line":18,"column":4},"end":{"line":18,"column":5}},"loc":{"start":{"line":18,"column":14},"end":{"line":20,"column":5}},"line":18},"10":{"name":"(anonymous_10)","decl":{"start":{"line":21,"column":4},"end":{"line":21,"column":5}},"loc":{"start":{"line":21,"column":13},"end":{"line":23,"column":5}},"line":21}},"branchMap":{},"s":{"0":1,"1":0,"2":0,"3":0,"4":0,"5":0,"6":0,"7":0,"8":0,"9":0,"10":0,"11":0,"12":1},"f":{"0":0,"1":0,"2":0,"3":0,"4":0,"5":0,"6":0,"7":0,"8":0,"9":0,"10":0},"b":{},"_coverageSchema":"1a1c01bbd47fc00a2c39e90264f33305004495a9","hash":"c3820f62ea62dd15cec0028b62d739d9cee85e24"}
,"C:\\Users\\Denis\\Desktop\\Radium Rocket\\Semana 14\\Problemática Semanal 14\\Week14\\test\\pageobjects\\page.js": {"path":"C:\\Users\\Denis\\Desktop\\Radium Rocket\\Semana 14\\Problemática Semanal 14\\Week14\\test\\pageobjects\\page.js","statementMap":{"0":{"start":{"line":1,"column":0},"end":{"line":6,"column":1}},"1":{"start":{"line":4,"column":8},"end":{"line":4,"column":59}}},"fnMap":{"0":{"name":"(anonymous_0)","decl":{"start":{"line":3,"column":4},"end":{"line":3,"column":5}},"loc":{"start":{"line":3,"column":16},"end":{"line":5,"column":5}},"line":3}},"branchMap":{},"s":{"0":2,"1":0},"f":{"0":0},"b":{},"_coverageSchema":"1a1c01bbd47fc00a2c39e90264f33305004495a9","hash":"192599c50e66e3f4315b9b92f8152213ebe31156"}
,"C:\\Users\\Denis\\Desktop\\Radium Rocket\\Semana 14\\Problemática Semanal 14\\Week14\\test\\pageobjects\\register.page.js": {"path":"C:\\Users\\Denis\\Desktop\\Radium Rocket\\Semana 14\\Problemática Semanal 14\\Week14\\test\\pageobjects\\register.page.js","statementMap":{"0":{"start":{"line":1,"column":13},"end":{"line":1,"column":30}},"1":{"start":{"line":5,"column":19},"end":{"line":5,"column":42}},"2":{"start":{"line":6,"column":22},"end":{"line":6,"column":48}},"3":{"start":{"line":7,"column":22},"end":{"line":7,"column":48}},"4":{"start":{"line":8,"column":29},"end":{"line":8,"column":62}},"5":{"start":{"line":9,"column":24},"end":{"line":9,"column":56}},"6":{"start":{"line":10,"column":27},"end":{"line":10,"column":59}},"7":{"start":{"line":11,"column":27},"end":{"line":11,"column":59}},"8":{"start":{"line":12,"column":34},"end":{"line":12,"column":66}},"9":{"start":{"line":13,"column":25},"end":{"line":13,"column":58}},"10":{"start":{"line":14,"column":22},"end":{"line":14,"column":54}},"11":{"start":{"line":15,"column":18},"end":{"line":15,"column":35}},"12":{"start":{"line":16,"column":22},"end":{"line":16,"column":39}},"13":{"start":{"line":19,"column":8},"end":{"line":19,"column":38}},"14":{"start":{"line":23,"column":8},"end":{"line":23,"column":33}},"15":{"start":{"line":26,"column":8},"end":{"line":26,"column":30}},"16":{"start":{"line":30,"column":0},"end":{"line":30,"column":36}}},"fnMap":{"0":{"name":"(anonymous_0)","decl":{"start":{"line":5,"column":4},"end":{"line":5,"column":5}},"loc":{"start":{"line":5,"column":17},"end":{"line":5,"column":44}},"line":5},"1":{"name":"(anonymous_1)","decl":{"start":{"line":6,"column":4},"end":{"line":6,"column":5}},"loc":{"start":{"line":6,"column":20},"end":{"line":6,"column":50}},"line":6},"2":{"name":"(anonymous_2)","decl":{"start":{"line":7,"column":4},"end":{"line":7,"column":5}},"loc":{"start":{"line":7,"column":20},"end":{"line":7,"column":50}},"line":7},"3":{"name":"(anonymous_3)","decl":{"start":{"line":8,"column":4},"end":{"line":8,"column":5}},"loc":{"start":{"line":8,"column":27},"end":{"line":8,"column":64}},"line":8},"4":{"name":"(anonymous_4)","decl":{"start":{"line":9,"column":4},"end":{"line":9,"column":5}},"loc":{"start":{"line":9,"column":22},"end":{"line":9,"column":58}},"line":9},"5":{"name":"(anonymous_5)","decl":{"start":{"line":10,"column":4},"end":{"line":10,"column":5}},"loc":{"start":{"line":10,"column":25},"end":{"line":10,"column":61}},"line":10},"6":{"name":"(anonymous_6)","decl":{"start":{"line":11,"column":4},"end":{"line":11,"column":5}},"loc":{"start":{"line":11,"column":25},"end":{"line":11,"column":61}},"line":11},"7":{"name":"(anonymous_7)","decl":{"start":{"line":12,"column":4},"end":{"line":12,"column":5}},"loc":{"start":{"line":12,"column":32},"end":{"line":12,"column":68}},"line":12},"8":{"name":"(anonymous_8)","decl":{"start":{"line":13,"column":4},"end":{"line":13,"column":5}},"loc":{"start":{"line":13,"column":23},"end":{"line":13,"column":60}},"line":13},"9":{"name":"(anonymous_9)","decl":{"start":{"line":14,"column":4},"end":{"line":14,"column":5}},"loc":{"start":{"line":14,"column":20},"end":{"line":14,"column":56}},"line":14},"10":{"name":"(anonymous_10)","decl":{"start":{"line":15,"column":4},"end":{"line":15,"column":5}},"loc":{"start":{"line":15,"column":16},"end":{"line":15,"column":36}},"line":15},"11":{"name":"(anonymous_11)","decl":{"start":{"line":16,"column":4},"end":{"line":16,"column":5}},"loc":{"start":{"line":16,"column":21},"end":{"line":16,"column":41}},"line":16},"12":{"name":"(anonymous_12)","decl":{"start":{"line":18,"column":4},"end":{"line":18,"column":5}},"loc":{"start":{"line":18,"column":12},"end":{"line":20,"column":5}},"line":18},"13":{"name":"(anonymous_13)","decl":{"start":{"line":22,"column":4},"end":{"line":22,"column":5}},"loc":{"start":{"line":22,"column":16},"end":{"line":24,"column":5}},"line":22},"14":{"name":"(anonymous_14)","decl":{"start":{"line":25,"column":4},"end":{"line":25,"column":5}},"loc":{"start":{"line":25,"column":13},"end":{"line":27,"column":5}},"line":25}},"branchMap":{},"s":{"0":1,"1":0,"2":0,"3":0,"4":0,"5":0,"6":0,"7":0,"8":0,"9":0,"10":0,"11":0,"12":0,"13":0,"14":0,"15":0,"16":1},"f":{"0":0,"1":0,"2":0,"3":0,"4":0,"5":0,"6":0,"7":0,"8":0,"9":0,"10":0,"11":0,"12":0,"13":0,"14":0},"b":{},"_coverageSchema":"1a1c01bbd47fc00a2c39e90264f33305004495a9","hash":"775ab934330c2fd12d65314863af4ff98b2259d7"}
}
